<?xml version="1.0" encoding="UTF-8"?>
<testsuite name="com.proyecto404.katas.gildedrose.BackstagePassesUpdateQualityTest" tests="4" skipped="0" failures="0" errors="0" timestamp="2020-06-19T21:16:13" hostname="DESKTOP-VOEG1QV" time="0.005">
  <properties/>
  <testcase name="increases_by_three_if_there_are_betwen_5_and_1_days_to_the_sellin_day" classname="com.proyecto404.katas.gildedrose.BackstagePassesUpdateQualityTest" time="0.003"/>
  <testcase name="increases_quality_as_the_selling_day_aproaches" classname="com.proyecto404.katas.gildedrose.BackstagePassesUpdateQualityTest" time="0.0"/>
  <testcase name="quality_is_zero_when_the_sold_date_has_passed" classname="com.proyecto404.katas.gildedrose.BackstagePassesUpdateQualityTest" time="0.0"/>
  <testcase name="increases_by_two_if_there_are_betwen_10_and_5_days_to_the_sellin_day" classname="com.proyecto404.katas.gildedrose.BackstagePassesUpdateQualityTest" time="0.0"/>
  <system-out><![CDATA[]]></system-out>
  <system-err><![CDATA[]]></system-err>
</testsuite>
