<?xml version="1.0" encoding="UTF-8"?>
<testsuite name="com.proyecto404.katas.gildedrose.AgedBrieUpdateQualityTest" tests="2" skipped="0" failures="0" errors="0" timestamp="2020-06-19T21:16:13" hostname="DESKTOP-VOEG1QV" time="0.015">
  <properties/>
  <testcase name="increases_quality_the_older_it_gets" classname="com.proyecto404.katas.gildedrose.AgedBrieUpdateQualityTest" time="0.015"/>
  <testcase name="never_increases_over_50" classname="com.proyecto404.katas.gildedrose.AgedBrieUpdateQualityTest" time="0.0"/>
  <system-out><![CDATA[]]></system-out>
  <system-err><![CDATA[]]></system-err>
</testsuite>
