<?xml version="1.0" encoding="UTF-8"?>
<testsuite name="com.proyecto404.katas.gildedrose.AgedBrieUpdateQualityTest" tests="2" skipped="0" failures="0" errors="0" timestamp="2020-06-26T18:32:17" hostname="DESKTOP-LQGG1V6" time="0.025">
  <properties/>
  <testcase name="increases_quality_the_older_it_gets" classname="com.proyecto404.katas.gildedrose.AgedBrieUpdateQualityTest" time="0.024"/>
  <testcase name="never_increases_over_50" classname="com.proyecto404.katas.gildedrose.AgedBrieUpdateQualityTest" time="0.0"/>
  <system-out><![CDATA[]]></system-out>
  <system-err><![CDATA[]]></system-err>
</testsuite>
